<?xml version="1.0" encoding="UTF-8"?>
<!-- Generated by org.testng.reporters.JUnitReportReporter -->
<testsuite hostname="vendskp52" name="EXEL_POI.ReadWebtable" tests="1" failures="1" timestamp="22 Sep 2015 13:10:23 GMT" time="50.628" errors="0">
  <testcase name="s1" time="50.628" classname="EXEL_POI.ReadWebtable">
    <failure type="org.openqa.selenium.WebDriverException" message="Failed to connect to binary FirefoxBinary(C:\Program Files (x86)\Mozilla Firefox\firefox.exe) on port 7055; process output follows: 
 Firefox\\browser\\extensions\\{82AF8DCA-6DE9-405D-BD5E-43525BDAD38A}.xpi&quot;,&quot;e&quot;:true,&quot;v&quot;:&quot;7.4.0.9058&quot;,&quot;st&quot;:1430459238000},&quot;{972ce4c6-7e08-4474-a285-3208198ce6fd}&quot;:{&quot;d&quot;:&quot;C:\\Program Files (x86)\\Mozilla Firefox\\browser\\extensions\\{972ce4c6-7e08-4474-a285-3208198ce6fd}&quot;,&quot;e&quot;:true,&quot;v&quot;:&quot;36.0&quot;,&quot;st&quot;:1424927933649,&quot;mt&quot;:1424683016000}},&quot;winreg-app-global&quot;:{&quot;{9F17B1A2-7317-49ef-BCB7-7BB47BDE10F8}&quot;:{&quot;d&quot;:&quot;C:\\Program Files (x86)\\HP\\Unified Functional Testing\\\\bin\\Mozilla\\Common&quot;,&quot;st&quot;:1429288590284,&quot;mt&quot;:1416317876000}}}
1442927378452	addons.xpi	DEBUG	No changes found
1442927378454	addons.xpi	DEBUG	Registering manifest for C:\Program Files (x86)\Mozilla Firefox\browser\extensions\{82AF8DCA-6DE9-405D-BD5E-43525BDAD38A}.xpi
1442927378455	addons.xpi	DEBUG	Loading bootstrap scope from C:\Program Files (x86)\Mozilla Firefox\browser\extensions\{82AF8DCA-6DE9-405D-BD5E-43525BDAD38A}.xpi
1442927378458	addons.xpi	DEBUG	Calling bootstrap method startup on {82AF8DCA-6DE9-405D-BD5E-43525BDAD38A} version 7.4.0.9058
1442927378485	addons.manager	DEBUG	Registering shutdown blocker for XPIProvider
1442927378486	addons.manager	DEBUG	Registering shutdown blocker for LightweightThemeManager
1442927378486	addons.manager	DEBUG	Registering shutdown blocker for OpenH264Provider
1442927378487	addons.manager	DEBUG	Registering shutdown blocker for PluginProvider
JavaScript error: file:///C:/Users/Pawan/AppData/Local/Temp/anonymous1517382046931189088webdriver-profile/extensions/fxdriver@googlecode.com/components/driver-component.js, line 11487: TypeError: this.server_ is undefined
JavaScript error: chrome://fxdriver/content/server.js, line 38: NS_ERROR_XPC_CI_RETURNED_FAILURE: Component returned failure code: 0x80570015 (NS_ERROR_XPC_CI_RETURNED_FAILURE) [nsIJSCID.createInstance]
*** Blocklist::_preloadBlocklistFile: blocklist is disabled
1442927380964	addons.manager	DEBUG	Registering shutdown blocker for &lt;unnamed-provider&gt;
console.error: skype_ff_extension: 
  DEPRECATED: The widget module is deprecated.  Please consider using the sdk/ui module instead.
Traceback (most recent call last):
  File &quot;resource://gre/modules/Promise-backend.js&quot;, line 870, in Handler.prototype.process
    nextValue = this.onResolve.call(undefined, nextValue);
  File &quot;resource://gre/modules/commonjs/sdk/addon/runner.js&quot;, line 86, in startup/&lt;/&lt;
    run(options);
  File &quot;resource://gre/modules/commonjs/sdk/addon/runner.js&quot;, line 145, in run
    let program = main(options.loader, options.main);
  File &quot;resource://gre/modules/commonjs/toolkit/loader.js&quot;, line 684, in main
    return loader.load(loader, module).exports;
  File &quot;resource://gre/modules/commonjs/sdk/loader/cuddlefish.js&quot;, line 129, in CuddlefishLoader/options&lt;.load
    result = load(loader, module);
  File &quot;resource://gre/modules/commonjs/toolkit/loader.js&quot;, line 318, in load
    evaluate(sandbox, module.uri);
  File &quot;resource://gre/modules/commonjs/toolkit/loader.js&quot;, line 267, in evaluate
    : loadSubScript(uri, sandbox, encoding);
  File &quot;resource://skype_ff_extension-at-jetpack/skype_ff_extension/lib/main.js&quot;, line 14, in null
    var widgets = require(&quot;sdk/widget&quot;);
  File &quot;resource://gre/modules/commonjs/toolkit/loader.js&quot;, line 591, in require
    freeze(load(loader, module));
  File &quot;resource://gre/modules/commonjs/sdk/loader/cuddlefish.js&quot;, line 129, in CuddlefishLoader/options&lt;.load
    result = load(loader, module);
  File &quot;resource://gre/modules/commonjs/toolkit/loader.js&quot;, line 318, in load
    evaluate(sandbox, module.uri);
  File &quot;resource://gre/modules/commonjs/toolkit/loader.js&quot;, line 267, in evaluate
    : loadSubScript(uri, sandbox, encoding);
  File &quot;resource://gre/modules/commonjs/sdk/widget.js&quot;, line 59, in null
    require(&quot;./util/deprecate&quot;).deprecateUsage(
  File &quot;resource://gre/modules/commonjs/sdk/util/deprecate.js&quot;, line 18, in deprecateUsage
    let stack = get().slice(2);
JavaScript error: resource://skype_ff_extension-at-jetpack/skype_ff_extension/data/c2c_options_menu_localization.js, line 189: TypeError: document.getElementById(...) is null

Build info: version: &#039;2.44.0&#039;, revision: &#039;76d78cf323ce037c5f92db6c1bba601c2ac43ad8&#039;, time: &#039;2014-10-23 13:11:40&#039;
System info: host: &#039;vendskp52&#039;, ip: &#039;192.168.8.171&#039;, os.name: &#039;Windows 7&#039;, os.arch: &#039;amd64&#039;, os.version: &#039;6.1&#039;, java.version: &#039;1.8.0_11&#039;
Driver info: driver.version: FirefoxDriver">
      <![CDATA[org.openqa.selenium.WebDriverException: Failed to connect to binary FirefoxBinary(C:\Program Files (x86)\Mozilla Firefox\firefox.exe) on port 7055; process output follows: 
 Firefox\\browser\\extensions\\{82AF8DCA-6DE9-405D-BD5E-43525BDAD38A}.xpi","e":true,"v":"7.4.0.9058","st":1430459238000},"{972ce4c6-7e08-4474-a285-3208198ce6fd}":{"d":"C:\\Program Files (x86)\\Mozilla Firefox\\browser\\extensions\\{972ce4c6-7e08-4474-a285-3208198ce6fd}","e":true,"v":"36.0","st":1424927933649,"mt":1424683016000}},"winreg-app-global":{"{9F17B1A2-7317-49ef-BCB7-7BB47BDE10F8}":{"d":"C:\\Program Files (x86)\\HP\\Unified Functional Testing\\\\bin\\Mozilla\\Common","st":1429288590284,"mt":1416317876000}}}
1442927378452	addons.xpi	DEBUG	No changes found
1442927378454	addons.xpi	DEBUG	Registering manifest for C:\Program Files (x86)\Mozilla Firefox\browser\extensions\{82AF8DCA-6DE9-405D-BD5E-43525BDAD38A}.xpi
1442927378455	addons.xpi	DEBUG	Loading bootstrap scope from C:\Program Files (x86)\Mozilla Firefox\browser\extensions\{82AF8DCA-6DE9-405D-BD5E-43525BDAD38A}.xpi
1442927378458	addons.xpi	DEBUG	Calling bootstrap method startup on {82AF8DCA-6DE9-405D-BD5E-43525BDAD38A} version 7.4.0.9058
1442927378485	addons.manager	DEBUG	Registering shutdown blocker for XPIProvider
1442927378486	addons.manager	DEBUG	Registering shutdown blocker for LightweightThemeManager
1442927378486	addons.manager	DEBUG	Registering shutdown blocker for OpenH264Provider
1442927378487	addons.manager	DEBUG	Registering shutdown blocker for PluginProvider
JavaScript error: file:///C:/Users/Pawan/AppData/Local/Temp/anonymous1517382046931189088webdriver-profile/extensions/fxdriver@googlecode.com/components/driver-component.js, line 11487: TypeError: this.server_ is undefined
JavaScript error: chrome://fxdriver/content/server.js, line 38: NS_ERROR_XPC_CI_RETURNED_FAILURE: Component returned failure code: 0x80570015 (NS_ERROR_XPC_CI_RETURNED_FAILURE) [nsIJSCID.createInstance]
*** Blocklist::_preloadBlocklistFile: blocklist is disabled
1442927380964	addons.manager	DEBUG	Registering shutdown blocker for <unnamed-provider>
console.error: skype_ff_extension: 
  DEPRECATED: The widget module is deprecated.  Please consider using the sdk/ui module instead.
Traceback (most recent call last):
  File "resource://gre/modules/Promise-backend.js", line 870, in Handler.prototype.process
    nextValue = this.onResolve.call(undefined, nextValue);
  File "resource://gre/modules/commonjs/sdk/addon/runner.js", line 86, in startup/</<
    run(options);
  File "resource://gre/modules/commonjs/sdk/addon/runner.js", line 145, in run
    let program = main(options.loader, options.main);
  File "resource://gre/modules/commonjs/toolkit/loader.js", line 684, in main
    return loader.load(loader, module).exports;
  File "resource://gre/modules/commonjs/sdk/loader/cuddlefish.js", line 129, in CuddlefishLoader/options<.load
    result = load(loader, module);
  File "resource://gre/modules/commonjs/toolkit/loader.js", line 318, in load
    evaluate(sandbox, module.uri);
  File "resource://gre/modules/commonjs/toolkit/loader.js", line 267, in evaluate
    : loadSubScript(uri, sandbox, encoding);
  File "resource://skype_ff_extension-at-jetpack/skype_ff_extension/lib/main.js", line 14, in null
    var widgets = require("sdk/widget");
  File "resource://gre/modules/commonjs/toolkit/loader.js", line 591, in require
    freeze(load(loader, module));
  File "resource://gre/modules/commonjs/sdk/loader/cuddlefish.js", line 129, in CuddlefishLoader/options<.load
    result = load(loader, module);
  File "resource://gre/modules/commonjs/toolkit/loader.js", line 318, in load
    evaluate(sandbox, module.uri);
  File "resource://gre/modules/commonjs/toolkit/loader.js", line 267, in evaluate
    : loadSubScript(uri, sandbox, encoding);
  File "resource://gre/modules/commonjs/sdk/widget.js", line 59, in null
    require("./util/deprecate").deprecateUsage(
  File "resource://gre/modules/commonjs/sdk/util/deprecate.js", line 18, in deprecateUsage
    let stack = get().slice(2);
JavaScript error: resource://skype_ff_extension-at-jetpack/skype_ff_extension/data/c2c_options_menu_localization.js, line 189: TypeError: document.getElementById(...) is null

Build info: version: '2.44.0', revision: '76d78cf323ce037c5f92db6c1bba601c2ac43ad8', time: '2014-10-23 13:11:40'
System info: host: 'vendskp52', ip: '192.168.8.171', os.name: 'Windows 7', os.arch: 'amd64', os.version: '6.1', java.version: '1.8.0_11'
Driver info: driver.version: FirefoxDriver
	at org.openqa.selenium.firefox.internal.NewProfileExtensionConnection.start(NewProfileExtensionConnection.java:130)
	at org.openqa.selenium.firefox.FirefoxDriver.startClient(FirefoxDriver.java:246)
	at org.openqa.selenium.remote.RemoteWebDriver.<init>(RemoteWebDriver.java:114)
	at org.openqa.selenium.firefox.FirefoxDriver.<init>(FirefoxDriver.java:191)
	at org.openqa.selenium.firefox.FirefoxDriver.<init>(FirefoxDriver.java:186)
	at org.openqa.selenium.firefox.FirefoxDriver.<init>(FirefoxDriver.java:182)
	at org.openqa.selenium.firefox.FirefoxDriver.<init>(FirefoxDriver.java:95)
	at EXEL_POI.ReadWebtable.s1(ReadWebtable.java:14)
	at sun.reflect.NativeMethodAccessorImpl.invoke0(Native Method)
	at sun.reflect.NativeMethodAccessorImpl.invoke(NativeMethodAccessorImpl.java:62)
	at sun.reflect.DelegatingMethodAccessorImpl.invoke(DelegatingMethodAccessorImpl.java:43)
	at java.lang.reflect.Method.invoke(Method.java:483)
	at org.testng.internal.MethodInvocationHelper.invokeMethod(MethodInvocationHelper.java:84)
	at org.testng.internal.Invoker.invokeMethod(Invoker.java:714)
	at org.testng.internal.Invoker.invokeTestMethod(Invoker.java:901)
	at org.testng.internal.Invoker.invokeTestMethods(Invoker.java:1231)
	at org.testng.internal.TestMethodWorker.invokeTestMethods(TestMethodWorker.java:127)
	at org.testng.internal.TestMethodWorker.run(TestMethodWorker.java:111)
	at org.testng.TestRunner.privateRun(TestRunner.java:767)
	at org.testng.TestRunner.run(TestRunner.java:617)
	at org.testng.SuiteRunner.runTest(SuiteRunner.java:334)
	at org.testng.SuiteRunner.runSequentially(SuiteRunner.java:329)
	at org.testng.SuiteRunner.privateRun(SuiteRunner.java:291)
	at org.testng.SuiteRunner.run(SuiteRunner.java:240)
	at org.testng.SuiteRunnerWorker.runSuite(SuiteRunnerWorker.java:52)
	at org.testng.SuiteRunnerWorker.run(SuiteRunnerWorker.java:86)
	at org.testng.TestNG.runSuitesSequentially(TestNG.java:1224)
	at org.testng.TestNG.runSuitesLocally(TestNG.java:1149)
	at org.testng.TestNG.run(TestNG.java:1057)
	at org.testng.remote.RemoteTestNG.run(RemoteTestNG.java:111)
	at org.testng.remote.RemoteTestNG.initAndRun(RemoteTestNG.java:204)
	at org.testng.remote.RemoteTestNG.main(RemoteTestNG.java:175)
Caused by: org.openqa.selenium.firefox.NotConnectedException: Unable to connect to host 127.0.0.1 on port 7055 after 45000 ms. Firefox console output:
 Firefox\\browser\\extensions\\{82AF8DCA-6DE9-405D-BD5E-43525BDAD38A}.xpi","e":true,"v":"7.4.0.9058","st":1430459238000},"{972ce4c6-7e08-4474-a285-3208198ce6fd}":{"d":"C:\\Program Files (x86)\\Mozilla Firefox\\browser\\extensions\\{972ce4c6-7e08-4474-a285-3208198ce6fd}","e":true,"v":"36.0","st":1424927933649,"mt":1424683016000}},"winreg-app-global":{"{9F17B1A2-7317-49ef-BCB7-7BB47BDE10F8}":{"d":"C:\\Program Files (x86)\\HP\\Unified Functional Testing\\\\bin\\Mozilla\\Common","st":1429288590284,"mt":1416317876000}}}
1442927378452	addons.xpi	DEBUG	No changes found
1442927378454	addons.xpi	DEBUG	Registering manifest for C:\Program Files (x86)\Mozilla Firefox\browser\extensions\{82AF8DCA-6DE9-405D-BD5E-43525BDAD38A}.xpi
1442927378455	addons.xpi	DEBUG	Loading bootstrap scope from C:\Program Files (x86)\Mozilla Firefox\browser\extensions\{82AF8DCA-6DE9-405D-BD5E-43525BDAD38A}.xpi
1442927378458	addons.xpi	DEBUG	Calling bootstrap method startup on {82AF8DCA-6DE9-405D-BD5E-43525BDAD38A} version 7.4.0.9058
1442927378485	addons.manager	DEBUG	Registering shutdown blocker for XPIProvider
1442927378486	addons.manager	DEBUG	Registering shutdown blocker for LightweightThemeManager
1442927378486	addons.manager	DEBUG	Registering shutdown blocker for OpenH264Provider
1442927378487	addons.manager	DEBUG	Registering shutdown blocker for PluginProvider
JavaScript error: file:///C:/Users/Pawan/AppData/Local/Temp/anonymous1517382046931189088webdriver-profile/extensions/fxdriver@googlecode.com/components/driver-component.js, line 11487: TypeError: this.server_ is undefined
JavaScript error: chrome://fxdriver/content/server.js, line 38: NS_ERROR_XPC_CI_RETURNED_FAILURE: Component returned failure code: 0x80570015 (NS_ERROR_XPC_CI_RETURNED_FAILURE) [nsIJSCID.createInstance]
*** Blocklist::_preloadBlocklistFile: blocklist is disabled
1442927380964	addons.manager	DEBUG	Registering shutdown blocker for <unnamed-provider>
console.error: skype_ff_extension: 
  DEPRECATED: The widget module is deprecated.  Please consider using the sdk/ui module instead.
Traceback (most recent call last):
  File "resource://gre/modules/Promise-backend.js", line 870, in Handler.prototype.process
    nextValue = this.onResolve.call(undefined, nextValue);
  File "resource://gre/modules/commonjs/sdk/addon/runner.js", line 86, in startup/</<
    run(options);
  File "resource://gre/modules/commonjs/sdk/addon/runner.js", line 145, in run
    let program = main(options.loader, options.main);
  File "resource://gre/modules/commonjs/toolkit/loader.js", line 684, in main
    return loader.load(loader, module).exports;
  File "resource://gre/modules/commonjs/sdk/loader/cuddlefish.js", line 129, in CuddlefishLoader/options<.load
    result = load(loader, module);
  File "resource://gre/modules/commonjs/toolkit/loader.js", line 318, in load
    evaluate(sandbox, module.uri);
  File "resource://gre/modules/commonjs/toolkit/loader.js", line 267, in evaluate
    : loadSubScript(uri, sandbox, encoding);
  File "resource://skype_ff_extension-at-jetpack/skype_ff_extension/lib/main.js", line 14, in null
    var widgets = require("sdk/widget");
  File "resource://gre/modules/commonjs/toolkit/loader.js", line 591, in require
    freeze(load(loader, module));
  File "resource://gre/modules/commonjs/sdk/loader/cuddlefish.js", line 129, in CuddlefishLoader/options<.load
    result = load(loader, module);
  File "resource://gre/modules/commonjs/toolkit/loader.js", line 318, in load
    evaluate(sandbox, module.uri);
  File "resource://gre/modules/commonjs/toolkit/loader.js", line 267, in evaluate
    : loadSubScript(uri, sandbox, encoding);
  File "resource://gre/modules/commonjs/sdk/widget.js", line 59, in null
    require("./util/deprecate").deprecateUsage(
  File "resource://gre/modules/commonjs/sdk/util/deprecate.js", line 18, in deprecateUsage
    let stack = get().slice(2);
JavaScript error: resource://skype_ff_extension-at-jetpack/skype_ff_extension/data/c2c_options_menu_localization.js, line 189: TypeError: document.getElementById(...) is null

	at org.openqa.selenium.firefox.internal.NewProfileExtensionConnection.start(NewProfileExtensionConnection.java:118)
	... 31 more
]]>
    </failure>
  </testcase> <!-- s1 -->
</testsuite> <!-- EXEL_POI.ReadWebtable -->
