<?xml version="1.0" encoding="UTF-8"?>
<!-- Generated by org.testng.reporters.JUnitReportReporter -->
<testsuite hostname="vendskp52" name="EXEL_POI.app" tests="1" failures="0" timestamp="16 Jun 2016 11:40:32 GMT" time="110.439" errors="0">
  <testcase name="app" time="110.439" classname="EXEL_POI.app"/>
</testsuite> <!-- EXEL_POI.app -->
