<?xml version="1.0" encoding="UTF-8"?>
<!-- Generated by org.testng.reporters.JUnitReportReporter -->
<testsuite hostname="vendskp52" name="EXEL_POI.Comp_Details" tests="1" failures="0" timestamp="23 Sep 2015 05:18:15 GMT" time="87.155" errors="0">
  <testcase name="Comp_Details" time="87.155" classname="EXEL_POI.Comp_Details"/>
</testsuite> <!-- EXEL_POI.Comp_Details -->
