<?xml version="1.0" encoding="UTF-8"?>
<!-- Generated by org.testng.reporters.JUnitReportReporter -->
<testsuite hostname="vendskp52" name="EXEL_POI.TestRead" tests="1" failures="0" timestamp="16 Jun 2016 10:38:54 GMT" time="0.143" errors="0">
  <testcase name="TestReadData" time="0.143" classname="EXEL_POI.TestRead"/>
</testsuite> <!-- EXEL_POI.TestRead -->
